<?xml version="1.0" encoding="UTF-8"?>
<!-- Generated by org.testng.reporters.JUnitReportReporter -->
<testsuite hostname="SaiSowmya" failures="0" tests="1" name="abasics.Autosuggestions_bt" time="12.139" errors="0" timestamp="2025-04-24T15:26:17 IST" skipped="0">
  <testcase classname="abasics.Autosuggestions_bt" name="dropdowns" time="12.139"/>
</testsuite> <!-- abasics.Autosuggestions_bt -->
